<?xml version="1.0" encoding="UTF-8"?>
<testng-results ignored="0" total="1" passed="1" failed="0" skipped="0">
  <reporter-output>
  </reporter-output>
  <suite started-at="2026-04-02T21:27:02 IST" name="Default suite" finished-at="2026-04-02T21:27:30 IST" duration-ms="28074">
    <groups>
    </groups>
    <test started-at="2026-04-02T21:27:02 IST" name="Default test" finished-at="2026-04-02T21:27:30 IST" duration-ms="28074">
      <class name="TenForce.test.TestCase1">
        <test-method is-config="true" signature="launchApplication()[pri:0, instance:TenForce.test.TestCase1@7d0b7e3c]" started-at="2026-04-02T21:27:02 IST" name="launchApplication" finished-at="2026-04-02T21:27:21 IST" duration-ms="18533" status="PASS">
          <reporter-output>
          </reporter-output>
        </test-method> <!-- launchApplication -->
        <test-method signature="goToCareers()[pri:0, instance:TenForce.test.TestCase1@7d0b7e3c]" started-at="2026-04-02T21:27:21 IST" name="goToCareers" finished-at="2026-04-02T21:27:29 IST" duration-ms="8644" status="PASS">
          <reporter-output>
          </reporter-output>
        </test-method> <!-- goToCareers -->
        <test-method is-config="true" signature="tearDown()[pri:0, instance:TenForce.test.TestCase1@7d0b7e3c]" started-at="2026-04-02T21:27:29 IST" name="tearDown" finished-at="2026-04-02T21:27:30 IST" duration-ms="835" status="PASS">
          <reporter-output>
          </reporter-output>
        </test-method> <!-- tearDown -->
      </class> <!-- TenForce.test.TestCase1 -->
    </test> <!-- Default test -->
  </suite> <!-- Default suite -->
</testng-results>
